<?xml version="1.0" encoding="UTF-8"?>
<coverage generated="1684330126862" clover="3.2.0">
  <project timestamp="1684330126862" name="All files">
    <metrics statements="55" coveredstatements="55" conditionals="38" coveredconditionals="37" methods="10" coveredmethods="10" elements="103" coveredelements="102" complexity="0" loc="55" ncloc="55" packages="1" files="2" classes="2"/>
    <file name="Frame.ts" path="/home/juno/git/hub/tdb/src/Frame.ts">
      <metrics statements="19" coveredstatements="19" conditionals="13" coveredconditionals="13" methods="5" coveredmethods="5"/>
      <line num="10" count="187" type="stmt"/>
      <line num="11" count="187" type="stmt"/>
      <line num="12" count="187" type="stmt"/>
      <line num="13" count="187" type="stmt"/>
      <line num="14" count="187" type="stmt"/>
      <line num="15" count="187" type="stmt"/>
      <line num="19" count="253" type="cond" truecount="4" falsecount="0"/>
      <line num="20" count="88" type="stmt"/>
      <line num="21" count="88" type="stmt"/>
      <line num="24" count="253" type="cond" truecount="4" falsecount="0"/>
      <line num="25" count="25" type="stmt"/>
      <line num="26" count="25" type="stmt"/>
      <line num="31" count="253" type="stmt"/>
      <line num="32" count="253" type="stmt"/>
      <line num="36" count="147" type="stmt"/>
      <line num="37" count="147" type="stmt"/>
      <line num="41" count="253" type="cond" truecount="5" falsecount="0"/>
      <line num="42" count="147" type="stmt"/>
      <line num="44" count="106" type="stmt"/>
    </file>
    <file name="Jogo.ts" path="/home/juno/git/hub/tdb/src/Jogo.ts">
      <metrics statements="36" coveredstatements="36" conditionals="25" coveredconditionals="24" methods="5" coveredmethods="5"/>
      <line num="6" count="40" type="stmt"/>
      <line num="9" count="40" type="stmt"/>
      <line num="10" count="40" type="stmt"/>
      <line num="12" count="40" type="stmt"/>
      <line num="13" count="40" type="stmt"/>
      <line num="18" count="261" type="stmt"/>
      <line num="20" count="261" type="cond" truecount="1" falsecount="1"/>
      <line num="22" count="253" type="stmt"/>
      <line num="23" count="253" type="stmt"/>
      <line num="25" count="253" type="stmt"/>
      <line num="26" count="253" type="stmt"/>
      <line num="30" count="253" type="cond" truecount="2" falsecount="0"/>
      <line num="31" count="147" type="stmt"/>
      <line num="32" count="147" type="stmt"/>
      <line num="37" count="1" type="stmt"/>
      <line num="41" count="261" type="stmt"/>
      <line num="43" count="261" type="cond" truecount="5" falsecount="0"/>
      <line num="44" count="4" type="stmt"/>
      <line num="45" count="4" type="stmt"/>
      <line num="48" count="257" type="cond" truecount="4" falsecount="0"/>
      <line num="49" count="1" type="stmt"/>
      <line num="50" count="1" type="stmt"/>
      <line num="53" count="256" type="cond" truecount="4" falsecount="0"/>
      <line num="54" count="3" type="stmt"/>
      <line num="55" count="3" type="stmt"/>
      <line num="58" count="253" type="stmt"/>
      <line num="63" count="253" type="stmt"/>
      <line num="64" count="253" type="stmt"/>
      <line num="66" count="253" type="stmt"/>
      <line num="68" count="253" type="cond" truecount="4" falsecount="0"/>
      <line num="69" count="107" type="stmt"/>
      <line num="70" count="107" type="stmt"/>
      <line num="73" count="253" type="cond" truecount="4" falsecount="0"/>
      <line num="74" count="59" type="stmt"/>
      <line num="75" count="59" type="stmt"/>
      <line num="78" count="253" type="stmt"/>
    </file>
  </project>
</coverage>
