{"/home/juno/git/hub/tdb/src/Frame.ts": {"path":"/home/juno/git/hub/tdb/src/Frame.ts","statementMap":{"0":{"start":{"line":10,"column":4},"end":{"line":10,"column":20}},"1":{"start":{"line":11,"column":4},"end":{"line":11,"column":24}},"2":{"start":{"line":12,"column":4},"end":{"line":12,"column":24}},"3":{"start":{"line":13,"column":4},"end":{"line":13,"column":24}},"4":{"start":{"line":14,"column":4},"end":{"line":14,"column":23}},"5":{"start":{"line":15,"column":4},"end":{"line":15,"column":19}}},"fnMap":{"0":{"name":"(anonymous_0)","decl":{"start":{"line":9,"column":2},"end":{"line":9,"column":3}},"loc":{"start":{"line":9,"column":25},"end":{"line":16,"column":3}},"line":9}},"branchMap":{},"s":{"0":98,"1":98,"2":98,"3":98,"4":98,"5":98},"f":{"0":98},"b":{},"_coverageSchema":"1a1c01bbd47fc00a2c39e90264f33305004495a9","hash":"88dda50ff0cfb7c37cfe88f60780334b4a3872d0"}
,"/home/juno/git/hub/tdb/src/Jogo.ts": {"path":"/home/juno/git/hub/tdb/src/Jogo.ts","statementMap":{"0":{"start":{"line":14,"column":20},"end":{"line":14,"column":22}},"1":{"start":{"line":18,"column":4},"end":{"line":18,"column":19}},"2":{"start":{"line":19,"column":4},"end":{"line":19,"column":24}},"3":{"start":{"line":21,"column":25},"end":{"line":21,"column":37}},"4":{"start":{"line":22,"column":4},"end":{"line":22,"column":28}},"5":{"start":{"line":27,"column":4},"end":{"line":28,"column":53}},"6":{"start":{"line":28,"column":6},"end":{"line":28,"column":53}},"7":{"start":{"line":30,"column":4},"end":{"line":31,"column":66}},"8":{"start":{"line":31,"column":6},"end":{"line":31,"column":66}},"9":{"start":{"line":33,"column":4},"end":{"line":35,"column":5}},"10":{"start":{"line":34,"column":6},"end":{"line":34,"column":49}},"11":{"start":{"line":37,"column":4},"end":{"line":40,"column":5}},"12":{"start":{"line":38,"column":6},"end":{"line":38,"column":49}},"13":{"start":{"line":39,"column":6},"end":{"line":39,"column":45}},"14":{"start":{"line":42,"column":4},"end":{"line":45,"column":5}},"15":{"start":{"line":43,"column":6},"end":{"line":43,"column":48}},"16":{"start":{"line":44,"column":6},"end":{"line":44,"column":45}},"17":{"start":{"line":47,"column":4},"end":{"line":47,"column":49}},"18":{"start":{"line":48,"column":4},"end":{"line":48,"column":52}},"19":{"start":{"line":49,"column":4},"end":{"line":49,"column":24}},"20":{"start":{"line":51,"column":4},"end":{"line":56,"column":5}},"21":{"start":{"line":52,"column":6},"end":{"line":52,"column":27}},"22":{"start":{"line":53,"column":27},"end":{"line":53,"column":53}},"23":{"start":{"line":54,"column":6},"end":{"line":54,"column":30}},"24":{"start":{"line":55,"column":6},"end":{"line":55,"column":13}},"25":{"start":{"line":58,"column":4},"end":{"line":62,"column":5}},"26":{"start":{"line":59,"column":6},"end":{"line":59,"column":27}},"27":{"start":{"line":60,"column":27},"end":{"line":60,"column":53}},"28":{"start":{"line":61,"column":6},"end":{"line":61,"column":30}},"29":{"start":{"line":66,"column":4},"end":{"line":66,"column":22}}},"fnMap":{"0":{"name":"(anonymous_0)","decl":{"start":{"line":17,"column":2},"end":{"line":17,"column":3}},"loc":{"start":{"line":17,"column":16},"end":{"line":23,"column":3}},"line":17},"1":{"name":"(anonymous_1)","decl":{"start":{"line":25,"column":2},"end":{"line":25,"column":3}},"loc":{"start":{"line":25,"column":34},"end":{"line":63,"column":3}},"line":25},"2":{"name":"(anonymous_2)","decl":{"start":{"line":65,"column":2},"end":{"line":65,"column":3}},"loc":{"start":{"line":65,"column":22},"end":{"line":67,"column":3}},"line":65}},"branchMap":{"0":{"loc":{"start":{"line":27,"column":4},"end":{"line":28,"column":53}},"type":"if","locations":[{"start":{"line":27,"column":4},"end":{"line":28,"column":53}},{"start":{},"end":{}}],"line":27},"1":{"loc":{"start":{"line":27,"column":8},"end":{"line":27,"column":59}},"type":"binary-expr","locations":[{"start":{"line":27,"column":8},"end":{"line":27,"column":18}},{"start":{"line":27,"column":22},"end":{"line":27,"column":31}},{"start":{"line":27,"column":35},"end":{"line":27,"column":59}}],"line":27},"2":{"loc":{"start":{"line":30,"column":4},"end":{"line":31,"column":66}},"type":"if","locations":[{"start":{"line":30,"column":4},"end":{"line":31,"column":66}},{"start":{},"end":{}}],"line":30},"3":{"loc":{"start":{"line":30,"column":8},"end":{"line":30,"column":78}},"type":"binary-expr","locations":[{"start":{"line":30,"column":8},"end":{"line":30,"column":28}},{"start":{"line":30,"column":32},"end":{"line":30,"column":78}}],"line":30},"4":{"loc":{"start":{"line":33,"column":4},"end":{"line":35,"column":5}},"type":"if","locations":[{"start":{"line":33,"column":4},"end":{"line":35,"column":5}},{"start":{},"end":{}}],"line":33},"5":{"loc":{"start":{"line":33,"column":8},"end":{"line":33,"column":76}},"type":"binary-expr","locations":[{"start":{"line":33,"column":8},"end":{"line":33,"column":29}},{"start":{"line":33,"column":33},"end":{"line":33,"column":76}}],"line":33},"6":{"loc":{"start":{"line":37,"column":4},"end":{"line":40,"column":5}},"type":"if","locations":[{"start":{"line":37,"column":4},"end":{"line":40,"column":5}},{"start":{},"end":{}}],"line":37},"7":{"loc":{"start":{"line":37,"column":8},"end":{"line":37,"column":69}},"type":"binary-expr","locations":[{"start":{"line":37,"column":8},"end":{"line":37,"column":53}},{"start":{"line":37,"column":57},"end":{"line":37,"column":69}}],"line":37},"8":{"loc":{"start":{"line":42,"column":4},"end":{"line":45,"column":5}},"type":"if","locations":[{"start":{"line":42,"column":4},"end":{"line":45,"column":5}},{"start":{},"end":{}}],"line":42},"9":{"loc":{"start":{"line":42,"column":8},"end":{"line":42,"column":105}},"type":"binary-expr","locations":[{"start":{"line":42,"column":8},"end":{"line":42,"column":53}},{"start":{"line":42,"column":57},"end":{"line":42,"column":105}}],"line":42},"10":{"loc":{"start":{"line":51,"column":4},"end":{"line":56,"column":5}},"type":"if","locations":[{"start":{"line":51,"column":4},"end":{"line":56,"column":5}},{"start":{},"end":{}}],"line":51},"11":{"loc":{"start":{"line":51,"column":8},"end":{"line":51,"column":93}},"type":"binary-expr","locations":[{"start":{"line":51,"column":8},"end":{"line":51,"column":28}},{"start":{"line":51,"column":32},"end":{"line":51,"column":44}},{"start":{"line":51,"column":48},"end":{"line":51,"column":93}}],"line":51},"12":{"loc":{"start":{"line":58,"column":4},"end":{"line":62,"column":5}},"type":"if","locations":[{"start":{"line":58,"column":4},"end":{"line":62,"column":5}},{"start":{},"end":{}}],"line":58},"13":{"loc":{"start":{"line":58,"column":8},"end":{"line":58,"column":77}},"type":"binary-expr","locations":[{"start":{"line":58,"column":8},"end":{"line":58,"column":28}},{"start":{"line":58,"column":32},"end":{"line":58,"column":77}}],"line":58}},"s":{"0":28,"1":28,"2":28,"3":28,"4":28,"5":116,"6":4,"7":112,"8":1,"9":111,"10":1,"11":110,"12":56,"13":56,"14":110,"15":4,"16":4,"17":110,"18":110,"19":110,"20":110,"21":51,"22":51,"23":51,"24":51,"25":59,"26":19,"27":19,"28":19,"29":1},"f":{"0":28,"1":116,"2":1},"b":{"0":[4,112],"1":[116,115,114],"2":[1,111],"3":[112,93],"4":[1,110],"5":[111,19],"6":[56,54],"7":[110,79],"8":[4,106],"9":[110,24],"10":[51,59],"11":[110,92,51],"12":[19,40],"13":[59,41]},"_coverageSchema":"1a1c01bbd47fc00a2c39e90264f33305004495a9","hash":"0f4b21b9bbfbb3de222c2c946f8cae7af6b258d1"}
}
