TN:
SF:src/Frame.ts
FN:9,(anonymous_0)
FN:18,(anonymous_1)
FN:30,(anonymous_2)
FN:35,(anonymous_3)
FN:40,(anonymous_4)
FNF:5
FNH:5
FNDA:197,(anonymous_0)
FNDA:265,(anonymous_1)
FNDA:265,(anonymous_2)
FNDA:156,(anonymous_3)
FNDA:265,(anonymous_4)
DA:10,197
DA:11,197
DA:12,197
DA:13,197
DA:14,197
DA:15,197
DA:19,265
DA:20,98
DA:21,98
DA:24,265
DA:25,25
DA:26,25
DA:31,265
DA:32,265
DA:36,156
DA:37,156
DA:41,265
DA:42,156
DA:44,109
LF:19
LH:19
BRDA:19,0,0,98
BRDA:19,0,1,167
BRDA:19,1,0,265
BRDA:19,1,1,175
BRDA:24,2,0,25
BRDA:24,2,1,240
BRDA:24,3,0,265
BRDA:24,3,1,80
BRDA:41,4,0,156
BRDA:41,4,1,109
BRDA:41,5,0,265
BRDA:41,5,1,228
BRDA:41,5,2,117
BRF:13
BRH:13
end_of_record
TN:
SF:src/Jogo.ts
FN:8,(anonymous_0)
FN:16,(anonymous_1)
FN:36,(anonymous_2)
FN:40,(anonymous_3)
FN:61,(anonymous_4)
FNF:5
FNH:5
FNDA:41,(anonymous_0)
FNDA:273,(anonymous_1)
FNDA:1,(anonymous_2)
FNDA:273,(anonymous_3)
FNDA:265,(anonymous_4)
DA:6,41
DA:9,41
DA:10,41
DA:12,41
DA:13,41
DA:18,273
DA:20,273
DA:22,265
DA:23,265
DA:25,265
DA:26,265
DA:30,265
DA:31,156
DA:32,156
DA:37,1
DA:41,273
DA:43,273
DA:44,4
DA:45,4
DA:48,269
DA:49,1
DA:50,1
DA:53,268
DA:54,3
DA:55,3
DA:58,265
DA:63,265
DA:64,265
DA:66,265
DA:68,265
DA:69,117
DA:70,117
DA:73,265
DA:74,67
DA:75,67
DA:78,265
LF:36
LH:36
BRDA:20,0,0,265
BRDA:20,0,1,0
BRDA:30,1,0,156
BRDA:30,1,1,109
BRDA:43,2,0,4
BRDA:43,2,1,269
BRDA:43,3,0,273
BRDA:43,3,1,272
BRDA:43,3,2,271
BRDA:48,4,0,1
BRDA:48,4,1,268
BRDA:48,5,0,269
BRDA:48,5,1,229
BRDA:53,6,0,3
BRDA:53,6,1,265
BRDA:53,7,0,268
BRDA:53,7,1,40
BRDA:68,8,0,117
BRDA:68,8,1,148
BRDA:68,9,0,265
BRDA:68,9,1,221
BRDA:73,10,0,67
BRDA:73,10,1,198
BRDA:73,11,0,265
BRDA:73,11,1,192
BRF:25
BRH:24
end_of_record
