TN:
SF:src/Frame.ts
FN:9,(anonymous_0)
FN:18,(anonymous_1)
FN:30,(anonymous_2)
FN:35,(anonymous_3)
FNF:4
FNH:4
FNDA:168,(anonymous_0)
FNDA:110,(anonymous_1)
FNDA:110,(anonymous_2)
FNDA:180,(anonymous_3)
DA:10,168
DA:11,168
DA:12,168
DA:13,168
DA:14,168
DA:15,168
DA:19,110
DA:20,56
DA:21,56
DA:24,110
DA:25,4
DA:26,4
DA:31,110
DA:32,110
DA:36,180
DA:37,140
DA:38,140
DA:40,40
LF:18
LH:18
BRDA:19,0,0,56
BRDA:19,0,1,54
BRDA:19,1,0,110
BRDA:19,1,1,79
BRDA:24,2,0,4
BRDA:24,2,1,106
BRDA:24,3,0,110
BRDA:24,3,1,24
BRDA:36,4,0,140
BRDA:36,4,1,40
BRDA:36,5,0,180
BRDA:36,5,1,162
BRDA:36,5,2,54
BRF:13
BRH:13
end_of_record
TN:
SF:src/Jogo.ts
FN:8,(anonymous_0)
FN:16,(anonymous_1)
FN:34,(anonymous_2)
FN:38,(anonymous_3)
FNF:4
FNH:4
FNDA:28,(anonymous_0)
FNDA:116,(anonymous_1)
FNDA:1,(anonymous_2)
FNDA:116,(anonymous_3)
DA:6,28
DA:9,28
DA:10,28
DA:12,28
DA:13,28
DA:18,116
DA:20,116
DA:22,110
DA:23,110
DA:24,110
DA:26,110
DA:27,70
DA:28,70
DA:29,70
DA:30,70
DA:35,1
DA:39,116
DA:40,4
DA:42,112
DA:43,1
DA:45,111
DA:46,1
LF:22
LH:22
BRDA:26,0,0,70
BRDA:26,0,1,40
BRDA:29,1,0,70
BRDA:29,1,1,0
BRDA:39,2,0,4
BRDA:39,2,1,112
BRDA:39,3,0,116
BRDA:39,3,1,115
BRDA:39,3,2,114
BRDA:42,4,0,1
BRDA:42,4,1,111
BRDA:42,5,0,112
BRDA:42,5,1,93
BRDA:45,6,0,1
BRDA:45,6,1,110
BRDA:45,7,0,111
BRDA:45,7,1,19
BRF:17
BRH:16
end_of_record
